<?xml version="1.0" encoding="UTF-8"?>
<!-- Generated by org.testng.reporters.JUnitReportReporter -->
<testsuite hostname="LAPTOP-7KFKI6MC" failures="0" tests="2" name="com.capita.restassured_fundamentals.MainTest" time="8.472" errors="0" timestamp="9 Feb 2023 09:03:44 GMT">
  <testcase classname="com.capita.restassured_fundamentals.MainTest" name="shouldAnswerWithTrue1" time="8.463"/>
  <testcase classname="com.capita.restassured_fundamentals.MainTest" name="shouldAnswerWithTrue" time="0.009"/>
</testsuite> <!-- com.capita.restassured_fundamentals.MainTest -->
